11:50:48.678 [main] INFO  l.i.c.CropMonitoringSystemApplication -- Starting CropMonitoringSystemApplication using Java 21.0.3 with PID 2284 (E:\GDSE67\AAD\Spring-boot\Crop-Monitoring-System\target\classes started by Dinelka in E:\GDSE67\AAD\Spring-boot\Crop-Monitoring-System)
11:50:48.681 [main] INFO  l.i.c.CropMonitoringSystemApplication -- No active profile set, falling back to 1 default profile: "default"
11:50:50.530 [main] INFO  o.s.d.r.c.RepositoryConfigurationDelegate -- Bootstrapping Spring Data JPA repositories in DEFAULT mode.
11:50:50.705 [main] INFO  o.s.d.r.c.RepositoryConfigurationDelegate -- Finished Spring Data repository scanning in 155 ms. Found 6 JPA repository interfaces.
11:50:51.873 [main] INFO  o.s.b.w.e.tomcat.TomcatWebServer -- Tomcat initialized with port 8080 (http)
11:50:51.897 [main] INFO  o.a.coyote.http11.Http11NioProtocol -- Initializing ProtocolHandler ["http-nio-8080"]
11:50:51.903 [main] INFO  o.a.catalina.core.StandardService -- Starting service [Tomcat]
11:50:51.903 [main] INFO  o.a.catalina.core.StandardEngine -- Starting Servlet engine: [Apache Tomcat/10.1.31]
11:50:52.033 [main] INFO  o.a.c.c.C.[.[.[/cropMonitoringSystem] -- Initializing Spring embedded WebApplicationContext
11:50:52.033 [main] INFO  o.s.b.w.s.c.ServletWebServerApplicationContext -- Root WebApplicationContext: initialization completed in 3278 ms
11:50:53.074 [main] INFO  o.s.o.j.p.SpringPersistenceUnitInfo -- No LoadTimeWeaver setup: ignoring JPA class transformer
11:50:54.152 [main] WARN  org.hibernate.orm.deprecation -- HHH90000025: MySQLDialect does not need to be specified explicitly using 'hibernate.dialect' (remove the property setting and it will be selected by default)
11:50:56.389 [main] WARN  o.h.t.s.i.ExceptionHandlerLoggedImpl -- GenerationTarget encountered exception accepting command : Error executing DDL "
    alter table field 
       modify column field_location varchar(255)" via JDBC [Incorrect string value: '\xAC\xED\x00\x05sr...' for column 'field_location' at row 1]
org.hibernate.tool.schema.spi.CommandAcceptanceException: Error executing DDL "
    alter table field 
       modify column field_location varchar(255)" via JDBC [Incorrect string value: '\xAC\xED\x00\x05sr...' for column 'field_location' at row 1]
	at org.hibernate.tool.schema.internal.exec.GenerationTargetToDatabase.accept(GenerationTargetToDatabase.java:94)
	at org.hibernate.tool.schema.internal.AbstractSchemaMigrator.applySqlString(AbstractSchemaMigrator.java:583)
	at org.hibernate.tool.schema.internal.AbstractSchemaMigrator.applySqlStrings(AbstractSchemaMigrator.java:523)
	at org.hibernate.tool.schema.internal.AbstractSchemaMigrator.migrateTable(AbstractSchemaMigrator.java:341)
	at org.hibernate.tool.schema.internal.GroupedSchemaMigratorImpl.performTablesMigration(GroupedSchemaMigratorImpl.java:84)
	at org.hibernate.tool.schema.internal.AbstractSchemaMigrator.performMigration(AbstractSchemaMigrator.java:240)
	at org.hibernate.tool.schema.internal.AbstractSchemaMigrator.doMigration(AbstractSchemaMigrator.java:119)
	at org.hibernate.tool.schema.spi.SchemaManagementToolCoordinator.performDatabaseAction(SchemaManagementToolCoordinator.java:280)
	at org.hibernate.tool.schema.spi.SchemaManagementToolCoordinator.lambda$process$5(SchemaManagementToolCoordinator.java:144)
	at java.base/java.util.HashMap.forEach(HashMap.java:1429)
	at org.hibernate.tool.schema.spi.SchemaManagementToolCoordinator.process(SchemaManagementToolCoordinator.java:141)
	at org.hibernate.boot.internal.SessionFactoryObserverForSchemaExport.sessionFactoryCreated(SessionFactoryObserverForSchemaExport.java:37)
	at org.hibernate.internal.SessionFactoryObserverChain.sessionFactoryCreated(SessionFactoryObserverChain.java:35)
	at org.hibernate.internal.SessionFactoryImpl.<init>(SessionFactoryImpl.java:322)
	at org.hibernate.boot.internal.SessionFactoryBuilderImpl.build(SessionFactoryBuilderImpl.java:457)
	at org.hibernate.jpa.boot.internal.EntityManagerFactoryBuilderImpl.build(EntityManagerFactoryBuilderImpl.java:1506)
	at org.springframework.orm.jpa.vendor.SpringHibernateJpaPersistenceProvider.createContainerEntityManagerFactory(SpringHibernateJpaPersistenceProvider.java:75)
	at org.springframework.orm.jpa.LocalContainerEntityManagerFactoryBean.createNativeEntityManagerFactory(LocalContainerEntityManagerFactoryBean.java:390)
	at org.springframework.orm.jpa.AbstractEntityManagerFactoryBean.buildNativeEntityManagerFactory(AbstractEntityManagerFactoryBean.java:409)
	at org.springframework.orm.jpa.AbstractEntityManagerFactoryBean.afterPropertiesSet(AbstractEntityManagerFactoryBean.java:396)
	at org.springframework.orm.jpa.LocalContainerEntityManagerFactoryBean.afterPropertiesSet(LocalContainerEntityManagerFactoryBean.java:366)
	at org.springframework.beans.factory.support.AbstractAutowireCapableBeanFactory.invokeInitMethods(AbstractAutowireCapableBeanFactory.java:1853)
	at org.springframework.beans.factory.support.AbstractAutowireCapableBeanFactory.initializeBean(AbstractAutowireCapableBeanFactory.java:1802)
	at org.springframework.beans.factory.support.AbstractAutowireCapableBeanFactory.doCreateBean(AbstractAutowireCapableBeanFactory.java:600)
	at org.springframework.beans.factory.support.AbstractAutowireCapableBeanFactory.createBean(AbstractAutowireCapableBeanFactory.java:522)
	at org.springframework.beans.factory.support.AbstractBeanFactory.lambda$doGetBean$0(AbstractBeanFactory.java:337)
	at org.springframework.beans.factory.support.DefaultSingletonBeanRegistry.getSingleton(DefaultSingletonBeanRegistry.java:234)
	at org.springframework.beans.factory.support.AbstractBeanFactory.doGetBean(AbstractBeanFactory.java:335)
	at org.springframework.beans.factory.support.AbstractBeanFactory.getBean(AbstractBeanFactory.java:205)
	at org.springframework.context.support.AbstractApplicationContext.finishBeanFactoryInitialization(AbstractApplicationContext.java:954)
	at org.springframework.context.support.AbstractApplicationContext.refresh(AbstractApplicationContext.java:625)
	at org.springframework.boot.web.servlet.context.ServletWebServerApplicationContext.refresh(ServletWebServerApplicationContext.java:146)
	at org.springframework.boot.SpringApplication.refresh(SpringApplication.java:754)
	at org.springframework.boot.SpringApplication.refreshContext(SpringApplication.java:456)
	at org.springframework.boot.SpringApplication.run(SpringApplication.java:335)
	at org.springframework.boot.SpringApplication.run(SpringApplication.java:1363)
	at org.springframework.boot.SpringApplication.run(SpringApplication.java:1352)
	at lk.ijse.cropMonitoringSystem.CropMonitoringSystemApplication.main(CropMonitoringSystemApplication.java:14)
Caused by: java.sql.SQLException: Incorrect string value: '\xAC\xED\x00\x05sr...' for column 'field_location' at row 1
	at com.mysql.cj.jdbc.exceptions.SQLError.createSQLException(SQLError.java:130)
	at com.mysql.cj.jdbc.exceptions.SQLExceptionsMapping.translateException(SQLExceptionsMapping.java:122)
	at com.mysql.cj.jdbc.StatementImpl.executeInternal(StatementImpl.java:770)
	at com.mysql.cj.jdbc.StatementImpl.execute(StatementImpl.java:653)
	at com.zaxxer.hikari.pool.ProxyStatement.execute(ProxyStatement.java:94)
	at com.zaxxer.hikari.pool.HikariProxyStatement.execute(HikariProxyStatement.java)
	at org.hibernate.tool.schema.internal.exec.GenerationTargetToDatabase.accept(GenerationTargetToDatabase.java:80)
	... 37 common frames omitted
11:50:56.677 [main] INFO  o.s.o.j.LocalContainerEntityManagerFactoryBean -- Initialized JPA EntityManagerFactory for persistence unit 'default'
11:50:57.453 [main] WARN  o.s.b.a.o.j.JpaBaseConfiguration$JpaWebConfiguration -- spring.jpa.open-in-view is enabled by default. Therefore, database queries may be performed during view rendering. Explicitly configure spring.jpa.open-in-view to disable this warning
11:50:57.833 [main] INFO  o.a.coyote.http11.Http11NioProtocol -- Starting ProtocolHandler ["http-nio-8080"]
11:50:57.860 [main] INFO  o.s.b.w.e.tomcat.TomcatWebServer -- Tomcat started on port 8080 (http) with context path '/cropMonitoringSystem'
11:50:57.873 [main] INFO  l.i.c.CropMonitoringSystemApplication -- Started CropMonitoringSystemApplication in 9.797 seconds (process running for 11.51)
11:51:23.146 [http-nio-8080-exec-2] INFO  o.a.c.c.C.[.[.[/cropMonitoringSystem] -- Initializing Spring DispatcherServlet 'dispatcherServlet'
11:51:23.148 [http-nio-8080-exec-2] INFO  o.s.web.servlet.DispatcherServlet -- Initializing Servlet 'dispatcherServlet'
11:51:23.151 [http-nio-8080-exec-2] INFO  o.s.web.servlet.DispatcherServlet -- Completed initialization in 3 ms
11:51:23.224 [http-nio-8080-exec-2] INFO  l.i.c.api.FieldController -- getAllFields called
11:51:23.673 [http-nio-8080-exec-2] INFO  l.i.c.api.FieldController -- get All Field
